[09-Sep-2018 16:05:34 Australia/Sydney] PHP Notice:  Undefined variable: ROSTER_CREATOR_BODY in /home/dashboar/public_html/st/backend/php/classes.php on line 159
[09-Sep-2018 16:05:34 Australia/Sydney] PHP Notice:  Undefined index: monday in /home/dashboar/public_html/st/backend/php/classes.php on line 163
[09-Sep-2018 16:05:34 Australia/Sydney] PHP Notice:  Undefined index: tuesday in /home/dashboar/public_html/st/backend/php/classes.php on line 163
[09-Sep-2018 16:05:34 Australia/Sydney] PHP Notice:  Undefined index: wednesday in /home/dashboar/public_html/st/backend/php/classes.php on line 163
[09-Sep-2018 16:05:34 Australia/Sydney] PHP Notice:  Undefined index: thursday in /home/dashboar/public_html/st/backend/php/classes.php on line 163
[09-Sep-2018 16:05:34 Australia/Sydney] PHP Notice:  Undefined index: friday in /home/dashboar/public_html/st/backend/php/classes.php on line 163
[09-Sep-2018 16:05:34 Australia/Sydney] PHP Notice:  Undefined index: saturday in /home/dashboar/public_html/st/backend/php/classes.php on line 163
[09-Sep-2018 16:05:34 Australia/Sydney] PHP Notice:  Undefined index: sunday in /home/dashboar/public_html/st/backend/php/classes.php on line 163
[09-Sep-2018 16:05:34 Australia/Sydney] PHP Notice:  Undefined index: monday in /home/dashboar/public_html/st/backend/php/classes.php on line 163
[09-Sep-2018 16:05:34 Australia/Sydney] PHP Notice:  Undefined index: tuesday in /home/dashboar/public_html/st/backend/php/classes.php on line 163
[09-Sep-2018 16:05:34 Australia/Sydney] PHP Notice:  Undefined index: wednesday in /home/dashboar/public_html/st/backend/php/classes.php on line 163
[09-Sep-2018 16:05:34 Australia/Sydney] PHP Notice:  Undefined index: thursday in /home/dashboar/public_html/st/backend/php/classes.php on line 163
[09-Sep-2018 16:05:34 Australia/Sydney] PHP Notice:  Undefined index: friday in /home/dashboar/public_html/st/backend/php/classes.php on line 163
[09-Sep-2018 16:05:34 Australia/Sydney] PHP Notice:  Undefined index: saturday in /home/dashboar/public_html/st/backend/php/classes.php on line 163
[09-Sep-2018 16:05:34 Australia/Sydney] PHP Notice:  Undefined index: sunday in /home/dashboar/public_html/st/backend/php/classes.php on line 163
[09-Sep-2018 16:05:34 Australia/Sydney] PHP Notice:  Undefined index: monday in /home/dashboar/public_html/st/backend/php/classes.php on line 163
[09-Sep-2018 16:05:34 Australia/Sydney] PHP Notice:  Undefined index: tuesday in /home/dashboar/public_html/st/backend/php/classes.php on line 163
[09-Sep-2018 16:05:34 Australia/Sydney] PHP Notice:  Undefined index: wednesday in /home/dashboar/public_html/st/backend/php/classes.php on line 163
[09-Sep-2018 16:05:34 Australia/Sydney] PHP Notice:  Undefined index: thursday in /home/dashboar/public_html/st/backend/php/classes.php on line 163
[09-Sep-2018 16:05:34 Australia/Sydney] PHP Notice:  Undefined index: friday in /home/dashboar/public_html/st/backend/php/classes.php on line 163
[09-Sep-2018 16:05:34 Australia/Sydney] PHP Notice:  Undefined index: saturday in /home/dashboar/public_html/st/backend/php/classes.php on line 163
[09-Sep-2018 16:05:34 Australia/Sydney] PHP Notice:  Undefined index: sunday in /home/dashboar/public_html/st/backend/php/classes.php on line 163
[09-Sep-2018 16:05:34 Australia/Sydney] PHP Notice:  Undefined index: monday in /home/dashboar/public_html/st/backend/php/classes.php on line 163
[09-Sep-2018 16:05:34 Australia/Sydney] PHP Notice:  Undefined index: tuesday in /home/dashboar/public_html/st/backend/php/classes.php on line 163
[09-Sep-2018 16:05:34 Australia/Sydney] PHP Notice:  Undefined index: wednesday in /home/dashboar/public_html/st/backend/php/classes.php on line 163
[09-Sep-2018 16:05:34 Australia/Sydney] PHP Notice:  Undefined index: thursday in /home/dashboar/public_html/st/backend/php/classes.php on line 163
[09-Sep-2018 16:05:34 Australia/Sydney] PHP Notice:  Undefined index: friday in /home/dashboar/public_html/st/backend/php/classes.php on line 163
[09-Sep-2018 16:05:34 Australia/Sydney] PHP Notice:  Undefined index: saturday in /home/dashboar/public_html/st/backend/php/classes.php on line 163
[09-Sep-2018 16:05:34 Australia/Sydney] PHP Notice:  Undefined index: sunday in /home/dashboar/public_html/st/backend/php/classes.php on line 163
[09-Sep-2018 16:05:34 Australia/Sydney] PHP Notice:  Undefined index: monday in /home/dashboar/public_html/st/backend/php/classes.php on line 163
[09-Sep-2018 16:05:34 Australia/Sydney] PHP Notice:  Undefined index: tuesday in /home/dashboar/public_html/st/backend/php/classes.php on line 163
[09-Sep-2018 16:05:34 Australia/Sydney] PHP Notice:  Undefined index: wednesday in /home/dashboar/public_html/st/backend/php/classes.php on line 163
[09-Sep-2018 16:05:34 Australia/Sydney] PHP Notice:  Undefined index: thursday in /home/dashboar/public_html/st/backend/php/classes.php on line 163
[09-Sep-2018 16:05:34 Australia/Sydney] PHP Notice:  Undefined index: friday in /home/dashboar/public_html/st/backend/php/classes.php on line 163
[09-Sep-2018 16:05:34 Australia/Sydney] PHP Notice:  Undefined index: saturday in /home/dashboar/public_html/st/backend/php/classes.php on line 163
[09-Sep-2018 16:05:34 Australia/Sydney] PHP Notice:  Undefined index: sunday in /home/dashboar/public_html/st/backend/php/classes.php on line 163
[09-Sep-2018 16:05:34 Australia/Sydney] PHP Notice:  Undefined index: monday in /home/dashboar/public_html/st/backend/php/classes.php on line 163
[09-Sep-2018 16:05:34 Australia/Sydney] PHP Notice:  Undefined index: tuesday in /home/dashboar/public_html/st/backend/php/classes.php on line 163
[09-Sep-2018 16:05:34 Australia/Sydney] PHP Notice:  Undefined index: wednesday in /home/dashboar/public_html/st/backend/php/classes.php on line 163
[09-Sep-2018 16:05:34 Australia/Sydney] PHP Notice:  Undefined index: thursday in /home/dashboar/public_html/st/backend/php/classes.php on line 163
[09-Sep-2018 16:05:34 Australia/Sydney] PHP Notice:  Undefined index: friday in /home/dashboar/public_html/st/backend/php/classes.php on line 163
[09-Sep-2018 16:05:34 Australia/Sydney] PHP Notice:  Undefined index: saturday in /home/dashboar/public_html/st/backend/php/classes.php on line 163
[09-Sep-2018 16:05:34 Australia/Sydney] PHP Notice:  Undefined index: sunday in /home/dashboar/public_html/st/backend/php/classes.php on line 163
[09-Sep-2018 16:05:34 Australia/Sydney] PHP Notice:  Undefined index: monday in /home/dashboar/public_html/st/backend/php/classes.php on line 163
[09-Sep-2018 16:05:34 Australia/Sydney] PHP Notice:  Undefined index: tuesday in /home/dashboar/public_html/st/backend/php/classes.php on line 163
[09-Sep-2018 16:05:34 Australia/Sydney] PHP Notice:  Undefined index: wednesday in /home/dashboar/public_html/st/backend/php/classes.php on line 163
[09-Sep-2018 16:05:34 Australia/Sydney] PHP Notice:  Undefined index: thursday in /home/dashboar/public_html/st/backend/php/classes.php on line 163
[09-Sep-2018 16:05:34 Australia/Sydney] PHP Notice:  Undefined index: friday in /home/dashboar/public_html/st/backend/php/classes.php on line 163
[09-Sep-2018 16:05:34 Australia/Sydney] PHP Notice:  Undefined index: saturday in /home/dashboar/public_html/st/backend/php/classes.php on line 163
[09-Sep-2018 16:05:34 Australia/Sydney] PHP Notice:  Undefined index: sunday in /home/dashboar/public_html/st/backend/php/classes.php on line 163
[09-Sep-2018 16:05:34 Australia/Sydney] PHP Notice:  Undefined index: monday in /home/dashboar/public_html/st/backend/php/classes.php on line 163
[09-Sep-2018 16:05:34 Australia/Sydney] PHP Notice:  Undefined index: tuesday in /home/dashboar/public_html/st/backend/php/classes.php on line 163
[09-Sep-2018 16:05:34 Australia/Sydney] PHP Notice:  Undefined index: wednesday in /home/dashboar/public_html/st/backend/php/classes.php on line 163
[09-Sep-2018 16:05:34 Australia/Sydney] PHP Notice:  Undefined index: thursday in /home/dashboar/public_html/st/backend/php/classes.php on line 163
[09-Sep-2018 16:05:34 Australia/Sydney] PHP Notice:  Undefined index: friday in /home/dashboar/public_html/st/backend/php/classes.php on line 163
[09-Sep-2018 16:05:34 Australia/Sydney] PHP Notice:  Undefined index: saturday in /home/dashboar/public_html/st/backend/php/classes.php on line 163
[09-Sep-2018 16:05:34 Australia/Sydney] PHP Notice:  Undefined index: sunday in /home/dashboar/public_html/st/backend/php/classes.php on line 163
[09-Sep-2018 16:05:34 Australia/Sydney] PHP Notice:  Undefined index: monday in /home/dashboar/public_html/st/backend/php/classes.php on line 163
[09-Sep-2018 16:05:34 Australia/Sydney] PHP Notice:  Undefined index: tuesday in /home/dashboar/public_html/st/backend/php/classes.php on line 163
[09-Sep-2018 16:05:34 Australia/Sydney] PHP Notice:  Undefined index: wednesday in /home/dashboar/public_html/st/backend/php/classes.php on line 163
[09-Sep-2018 16:05:34 Australia/Sydney] PHP Notice:  Undefined index: thursday in /home/dashboar/public_html/st/backend/php/classes.php on line 163
[09-Sep-2018 16:05:34 Australia/Sydney] PHP Notice:  Undefined index: friday in /home/dashboar/public_html/st/backend/php/classes.php on line 163
[09-Sep-2018 16:05:34 Australia/Sydney] PHP Notice:  Undefined index: saturday in /home/dashboar/public_html/st/backend/php/classes.php on line 163
[09-Sep-2018 16:05:34 Australia/Sydney] PHP Notice:  Undefined index: sunday in /home/dashboar/public_html/st/backend/php/classes.php on line 163
[09-Sep-2018 16:08:01 Australia/Sydney] PHP Notice:  Undefined variable: ROSTER_CREATOR_BODY in /home/dashboar/public_html/st/backend/php/classes.php on line 159
[09-Sep-2018 16:08:17 Australia/Sydney] PHP Notice:  Undefined variable: ROSTER_CREATOR_BODY in /home/dashboar/public_html/st/backend/php/classes.php on line 159
[09-Sep-2018 16:09:10 Australia/Sydney] PHP Notice:  Undefined variable: ROSTER_CREATOR_BODY in /home/dashboar/public_html/st/backend/php/classes.php on line 159
[09-Sep-2018 16:09:20 Australia/Sydney] PHP Notice:  Undefined variable: ROSTER_CREATOR_BODY in /home/dashboar/public_html/st/backend/php/classes.php on line 159
[09-Sep-2018 16:09:30 Australia/Sydney] PHP Notice:  Undefined variable: ROSTER_CREATOR_BODY in /home/dashboar/public_html/st/backend/php/classes.php on line 185
[09-Sep-2018 16:14:56 Australia/Sydney] PHP Notice:  Undefined variable: ROSTER_CREATOR_BODY in /home/dashboar/public_html/st/backend/php/classes.php on line 185
[09-Sep-2018 16:16:03 Australia/Sydney] PHP Notice:  Undefined variable: ROSTER_CREATOR_BODY in /home/dashboar/public_html/st/backend/php/classes.php on line 185
[09-Sep-2018 17:04:54 Australia/Sydney] PHP Notice:  Undefined variable: ROSTER_CREATOR_BODY in /home/dashboar/public_html/st/backend/php/classes.php on line 185
[09-Sep-2018 17:08:43 Australia/Sydney] PHP Notice:  Undefined variable: ROSTER_CREATOR_BODY in /home/dashboar/public_html/st/backend/php/classes.php on line 185
[10-Sep-2018 22:40:48 Australia/Sydney] PHP Notice:  Undefined variable: ROSTER_CREATOR_BODY in /home/dashboar/public_html/st/backend/php/classes.php on line 185
[10-Sep-2018 22:41:50 Australia/Sydney] PHP Notice:  Undefined variable: ROSTER_CREATOR_BODY in /home/dashboar/public_html/st/backend/php/classes.php on line 185
[10-Sep-2018 22:42:54 Australia/Sydney] PHP Notice:  Undefined variable: ROSTER_CREATOR_BODY in /home/dashboar/public_html/st/backend/php/classes.php on line 185
[10-Sep-2018 22:43:21 Australia/Sydney] PHP Notice:  Undefined variable: ROSTER_CREATOR_BODY in /home/dashboar/public_html/st/backend/php/classes.php on line 185
[10-Sep-2018 22:53:52 Australia/Sydney] PHP Notice:  Undefined variable: ROSTER_CREATOR_BODY in /home/dashboar/public_html/st/backend/php/classes.php on line 185
[10-Sep-2018 22:54:06 Australia/Sydney] PHP Notice:  Undefined variable: ROSTER_CREATOR_BODY in /home/dashboar/public_html/st/backend/php/classes.php on line 185
[10-Sep-2018 22:55:35 Australia/Sydney] PHP Notice:  Undefined variable: ROSTER_CREATOR_BODY in /home/dashboar/public_html/st/backend/php/classes.php on line 185
[10-Sep-2018 22:58:20 Australia/Sydney] PHP Notice:  Undefined variable: ROSTER_CREATOR_BODY in /home/dashboar/public_html/st/backend/php/classes.php on line 185
[10-Sep-2018 22:59:44 Australia/Sydney] PHP Notice:  Undefined variable: ROSTER_CREATOR_BODY in /home/dashboar/public_html/st/backend/php/classes.php on line 185
[18-Sep-2018 20:18:39 Australia/Sydney] PHP Notice:  Undefined variable: ROSTER_CREATOR_BODY in /home/dashboar/public_html/st/backend/php/classes.php on line 185
[18-Sep-2018 23:12:34 Australia/Sydney] PHP Notice:  Undefined variable: ROSTER_CREATOR_BODY in /home/dashboar/public_html/st/backend/php/classes.php on line 185
[18-Sep-2018 23:30:27 Australia/Sydney] PHP Notice:  Undefined variable: ROSTER_CREATOR_BODY in /home/dashboar/public_html/st/backend/php/classes.php on line 185
