[10-Sep-2018 22:54:05 Australia/Sydney] PHP Notice:  Undefined index: store_id in /home/dashboar/public_html/st/dashboard.php on line 5
[10-Sep-2018 22:54:05 Australia/Sydney] PHP Notice:  Undefined offset: 0 in /home/dashboar/public_html/st/dashboard.php on line 9
[10-Sep-2018 22:54:05 Australia/Sydney] PHP Notice:  Undefined index: priv in /home/dashboar/public_html/st/dashboard.php on line 50
[10-Sep-2018 22:54:05 Australia/Sydney] PHP Notice:  Undefined index: priv in /home/dashboar/public_html/st/dashboard.php on line 72
[10-Sep-2018 22:54:05 Australia/Sydney] PHP Notice:  Undefined index: priv in /home/dashboar/public_html/st/dashboard.php on line 105
[10-Sep-2018 22:54:05 Australia/Sydney] PHP Notice:  Undefined index: priv in /home/dashboar/public_html/st/dashboard.php on line 131
[10-Sep-2018 22:54:05 Australia/Sydney] PHP Notice:  Undefined index: uname in /home/dashboar/public_html/st/dashboard.php on line 178
[10-Sep-2018 22:54:05 Australia/Sydney] PHP Notice:  Undefined index: uname in /home/dashboar/public_html/st/dashboard.php on line 189
[10-Sep-2018 22:54:05 Australia/Sydney] PHP Notice:  Undefined index: email in /home/dashboar/public_html/st/dashboard.php on line 191
[10-Sep-2018 22:54:05 Australia/Sydney] PHP Notice:  Undefined index: priv in /home/dashboar/public_html/st/dashboard.php on line 270
[10-Sep-2018 22:54:05 Australia/Sydney] PHP Notice:  Undefined index: priv in /home/dashboar/public_html/st/dashboard.php on line 284
[11-Sep-2018 05:19:07 Australia/Sydney] PHP Notice:  Undefined index: store_id in /home/dashboar/public_html/st/dashboard.php on line 5
[11-Sep-2018 05:19:07 Australia/Sydney] PHP Notice:  Undefined offset: 0 in /home/dashboar/public_html/st/dashboard.php on line 9
[11-Sep-2018 05:19:07 Australia/Sydney] PHP Notice:  Undefined index: priv in /home/dashboar/public_html/st/dashboard.php on line 50
[11-Sep-2018 05:19:07 Australia/Sydney] PHP Notice:  Undefined index: priv in /home/dashboar/public_html/st/dashboard.php on line 72
[11-Sep-2018 05:19:07 Australia/Sydney] PHP Notice:  Undefined index: priv in /home/dashboar/public_html/st/dashboard.php on line 105
[11-Sep-2018 05:19:07 Australia/Sydney] PHP Notice:  Undefined index: priv in /home/dashboar/public_html/st/dashboard.php on line 131
[11-Sep-2018 05:19:07 Australia/Sydney] PHP Notice:  Undefined index: uname in /home/dashboar/public_html/st/dashboard.php on line 178
[11-Sep-2018 05:19:07 Australia/Sydney] PHP Notice:  Undefined index: uname in /home/dashboar/public_html/st/dashboard.php on line 189
[11-Sep-2018 05:19:07 Australia/Sydney] PHP Notice:  Undefined index: email in /home/dashboar/public_html/st/dashboard.php on line 191
[11-Sep-2018 05:19:07 Australia/Sydney] PHP Notice:  Undefined index: priv in /home/dashboar/public_html/st/dashboard.php on line 272
[11-Sep-2018 05:19:07 Australia/Sydney] PHP Notice:  Undefined index: priv in /home/dashboar/public_html/st/dashboard.php on line 286
[13-Sep-2018 16:13:39 Australia/Sydney] PHP Notice:  Undefined index: store_id in /home/dashboar/public_html/st/dashboard.php on line 5
[13-Sep-2018 16:13:39 Australia/Sydney] PHP Notice:  Undefined offset: 0 in /home/dashboar/public_html/st/dashboard.php on line 9
[13-Sep-2018 16:13:39 Australia/Sydney] PHP Notice:  Undefined index: priv in /home/dashboar/public_html/st/dashboard.php on line 50
[13-Sep-2018 16:13:39 Australia/Sydney] PHP Notice:  Undefined index: priv in /home/dashboar/public_html/st/dashboard.php on line 72
[13-Sep-2018 16:13:39 Australia/Sydney] PHP Notice:  Undefined index: priv in /home/dashboar/public_html/st/dashboard.php on line 105
[13-Sep-2018 16:13:39 Australia/Sydney] PHP Notice:  Undefined index: priv in /home/dashboar/public_html/st/dashboard.php on line 131
[13-Sep-2018 16:13:39 Australia/Sydney] PHP Notice:  Undefined index: uname in /home/dashboar/public_html/st/dashboard.php on line 178
[13-Sep-2018 16:13:39 Australia/Sydney] PHP Notice:  Undefined index: uname in /home/dashboar/public_html/st/dashboard.php on line 189
[13-Sep-2018 16:13:39 Australia/Sydney] PHP Notice:  Undefined index: email in /home/dashboar/public_html/st/dashboard.php on line 191
[13-Sep-2018 16:13:39 Australia/Sydney] PHP Notice:  Undefined index: priv in /home/dashboar/public_html/st/dashboard.php on line 272
[13-Sep-2018 16:13:39 Australia/Sydney] PHP Notice:  Undefined index: priv in /home/dashboar/public_html/st/dashboard.php on line 286
[14-Sep-2018 21:24:52 Australia/Sydney] PHP Notice:  Undefined index: store_id in /home/dashboar/public_html/st/dashboard.php on line 5
[14-Sep-2018 21:24:52 Australia/Sydney] PHP Notice:  Undefined offset: 0 in /home/dashboar/public_html/st/dashboard.php on line 9
[14-Sep-2018 21:24:52 Australia/Sydney] PHP Notice:  Undefined index: priv in /home/dashboar/public_html/st/dashboard.php on line 50
[14-Sep-2018 21:24:52 Australia/Sydney] PHP Notice:  Undefined index: priv in /home/dashboar/public_html/st/dashboard.php on line 72
[14-Sep-2018 21:24:52 Australia/Sydney] PHP Notice:  Undefined index: priv in /home/dashboar/public_html/st/dashboard.php on line 105
[14-Sep-2018 21:24:52 Australia/Sydney] PHP Notice:  Undefined index: priv in /home/dashboar/public_html/st/dashboard.php on line 131
[14-Sep-2018 21:24:52 Australia/Sydney] PHP Notice:  Undefined index: uname in /home/dashboar/public_html/st/dashboard.php on line 178
[14-Sep-2018 21:24:52 Australia/Sydney] PHP Notice:  Undefined index: uname in /home/dashboar/public_html/st/dashboard.php on line 189
[14-Sep-2018 21:24:52 Australia/Sydney] PHP Notice:  Undefined index: email in /home/dashboar/public_html/st/dashboard.php on line 191
[14-Sep-2018 21:24:52 Australia/Sydney] PHP Notice:  Undefined index: priv in /home/dashboar/public_html/st/dashboard.php on line 272
[14-Sep-2018 21:24:52 Australia/Sydney] PHP Notice:  Undefined index: priv in /home/dashboar/public_html/st/dashboard.php on line 286
[15-Sep-2018 02:22:36 Australia/Sydney] PHP Notice:  Undefined index: store_id in /home/dashboar/public_html/st/dashboard.php on line 5
[15-Sep-2018 02:22:36 Australia/Sydney] PHP Notice:  Undefined offset: 0 in /home/dashboar/public_html/st/dashboard.php on line 9
[15-Sep-2018 02:22:36 Australia/Sydney] PHP Notice:  Undefined index: priv in /home/dashboar/public_html/st/dashboard.php on line 50
[15-Sep-2018 02:22:36 Australia/Sydney] PHP Notice:  Undefined index: priv in /home/dashboar/public_html/st/dashboard.php on line 72
[15-Sep-2018 02:22:36 Australia/Sydney] PHP Notice:  Undefined index: priv in /home/dashboar/public_html/st/dashboard.php on line 105
[15-Sep-2018 02:22:36 Australia/Sydney] PHP Notice:  Undefined index: priv in /home/dashboar/public_html/st/dashboard.php on line 131
[15-Sep-2018 02:22:36 Australia/Sydney] PHP Notice:  Undefined index: uname in /home/dashboar/public_html/st/dashboard.php on line 178
[15-Sep-2018 02:22:36 Australia/Sydney] PHP Notice:  Undefined index: uname in /home/dashboar/public_html/st/dashboard.php on line 189
[15-Sep-2018 02:22:36 Australia/Sydney] PHP Notice:  Undefined index: email in /home/dashboar/public_html/st/dashboard.php on line 191
[15-Sep-2018 02:22:36 Australia/Sydney] PHP Notice:  Undefined index: priv in /home/dashboar/public_html/st/dashboard.php on line 272
[15-Sep-2018 02:22:36 Australia/Sydney] PHP Notice:  Undefined index: priv in /home/dashboar/public_html/st/dashboard.php on line 286
[18-Sep-2018 20:13:45 Australia/Sydney] PHP Notice:  Undefined index: store_id in /home/dashboar/public_html/st/dashboard.php on line 5
[18-Sep-2018 20:13:45 Australia/Sydney] PHP Notice:  Undefined offset: 0 in /home/dashboar/public_html/st/dashboard.php on line 9
[18-Sep-2018 20:13:45 Australia/Sydney] PHP Notice:  Undefined index: priv in /home/dashboar/public_html/st/dashboard.php on line 50
[18-Sep-2018 20:13:45 Australia/Sydney] PHP Notice:  Undefined index: priv in /home/dashboar/public_html/st/dashboard.php on line 72
[18-Sep-2018 20:13:45 Australia/Sydney] PHP Notice:  Undefined index: priv in /home/dashboar/public_html/st/dashboard.php on line 105
[18-Sep-2018 20:13:45 Australia/Sydney] PHP Notice:  Undefined index: priv in /home/dashboar/public_html/st/dashboard.php on line 131
[18-Sep-2018 20:13:45 Australia/Sydney] PHP Notice:  Undefined index: uname in /home/dashboar/public_html/st/dashboard.php on line 178
[18-Sep-2018 20:13:45 Australia/Sydney] PHP Notice:  Undefined index: uname in /home/dashboar/public_html/st/dashboard.php on line 189
[18-Sep-2018 20:13:45 Australia/Sydney] PHP Notice:  Undefined index: email in /home/dashboar/public_html/st/dashboard.php on line 191
[18-Sep-2018 20:13:45 Australia/Sydney] PHP Notice:  Undefined index: priv in /home/dashboar/public_html/st/dashboard.php on line 272
[18-Sep-2018 20:13:45 Australia/Sydney] PHP Notice:  Undefined index: priv in /home/dashboar/public_html/st/dashboard.php on line 286
[18-Sep-2018 20:15:43 Australia/Sydney] PHP Notice:  Undefined index: store_id in /home/dashboar/public_html/st/dashboard.php on line 5
[18-Sep-2018 20:15:43 Australia/Sydney] PHP Notice:  Undefined offset: 0 in /home/dashboar/public_html/st/dashboard.php on line 9
[18-Sep-2018 20:15:43 Australia/Sydney] PHP Notice:  Undefined index: priv in /home/dashboar/public_html/st/dashboard.php on line 50
[18-Sep-2018 20:15:43 Australia/Sydney] PHP Notice:  Undefined index: priv in /home/dashboar/public_html/st/dashboard.php on line 72
[18-Sep-2018 20:15:43 Australia/Sydney] PHP Notice:  Undefined index: priv in /home/dashboar/public_html/st/dashboard.php on line 105
[18-Sep-2018 20:15:43 Australia/Sydney] PHP Notice:  Undefined index: priv in /home/dashboar/public_html/st/dashboard.php on line 131
[18-Sep-2018 20:15:43 Australia/Sydney] PHP Notice:  Undefined index: uname in /home/dashboar/public_html/st/dashboard.php on line 178
[18-Sep-2018 20:15:43 Australia/Sydney] PHP Notice:  Undefined index: uname in /home/dashboar/public_html/st/dashboard.php on line 189
[18-Sep-2018 20:15:43 Australia/Sydney] PHP Notice:  Undefined index: email in /home/dashboar/public_html/st/dashboard.php on line 191
[18-Sep-2018 20:15:43 Australia/Sydney] PHP Notice:  Undefined index: priv in /home/dashboar/public_html/st/dashboard.php on line 272
[18-Sep-2018 20:15:43 Australia/Sydney] PHP Notice:  Undefined index: priv in /home/dashboar/public_html/st/dashboard.php on line 286
[18-Sep-2018 20:18:03 Australia/Sydney] PHP Notice:  Undefined index: store_id in /home/dashboar/public_html/st/dashboard.php on line 5
[18-Sep-2018 20:18:03 Australia/Sydney] PHP Notice:  Undefined offset: 0 in /home/dashboar/public_html/st/dashboard.php on line 9
[18-Sep-2018 20:18:03 Australia/Sydney] PHP Notice:  Undefined index: priv in /home/dashboar/public_html/st/dashboard.php on line 50
[18-Sep-2018 20:18:03 Australia/Sydney] PHP Notice:  Undefined index: priv in /home/dashboar/public_html/st/dashboard.php on line 72
[18-Sep-2018 20:18:03 Australia/Sydney] PHP Notice:  Undefined index: priv in /home/dashboar/public_html/st/dashboard.php on line 105
[18-Sep-2018 20:18:03 Australia/Sydney] PHP Notice:  Undefined index: priv in /home/dashboar/public_html/st/dashboard.php on line 131
[18-Sep-2018 20:18:03 Australia/Sydney] PHP Notice:  Undefined index: uname in /home/dashboar/public_html/st/dashboard.php on line 178
[18-Sep-2018 20:18:03 Australia/Sydney] PHP Notice:  Undefined index: uname in /home/dashboar/public_html/st/dashboard.php on line 189
[18-Sep-2018 20:18:03 Australia/Sydney] PHP Notice:  Undefined index: email in /home/dashboar/public_html/st/dashboard.php on line 191
[18-Sep-2018 20:18:03 Australia/Sydney] PHP Notice:  Undefined index: priv in /home/dashboar/public_html/st/dashboard.php on line 272
[18-Sep-2018 20:18:03 Australia/Sydney] PHP Notice:  Undefined index: priv in /home/dashboar/public_html/st/dashboard.php on line 286
[18-Sep-2018 20:18:21 Australia/Sydney] PHP Notice:  Undefined index: store_id in /home/dashboar/public_html/st/dashboard.php on line 5
[18-Sep-2018 20:18:21 Australia/Sydney] PHP Notice:  Undefined offset: 0 in /home/dashboar/public_html/st/dashboard.php on line 9
[18-Sep-2018 20:18:21 Australia/Sydney] PHP Notice:  Undefined index: priv in /home/dashboar/public_html/st/dashboard.php on line 50
[18-Sep-2018 20:18:21 Australia/Sydney] PHP Notice:  Undefined index: priv in /home/dashboar/public_html/st/dashboard.php on line 72
[18-Sep-2018 20:18:21 Australia/Sydney] PHP Notice:  Undefined index: priv in /home/dashboar/public_html/st/dashboard.php on line 105
[18-Sep-2018 20:18:21 Australia/Sydney] PHP Notice:  Undefined index: priv in /home/dashboar/public_html/st/dashboard.php on line 131
[18-Sep-2018 20:18:21 Australia/Sydney] PHP Notice:  Undefined index: uname in /home/dashboar/public_html/st/dashboard.php on line 178
[18-Sep-2018 20:18:21 Australia/Sydney] PHP Notice:  Undefined index: uname in /home/dashboar/public_html/st/dashboard.php on line 189
[18-Sep-2018 20:18:21 Australia/Sydney] PHP Notice:  Undefined index: email in /home/dashboar/public_html/st/dashboard.php on line 191
[18-Sep-2018 20:18:21 Australia/Sydney] PHP Notice:  Undefined index: priv in /home/dashboar/public_html/st/dashboard.php on line 272
[18-Sep-2018 20:18:21 Australia/Sydney] PHP Notice:  Undefined index: priv in /home/dashboar/public_html/st/dashboard.php on line 286
[18-Sep-2018 20:18:27 Australia/Sydney] PHP Notice:  Undefined index: store_id in /home/dashboar/public_html/st/dashboard.php on line 5
[18-Sep-2018 20:18:27 Australia/Sydney] PHP Notice:  Undefined offset: 0 in /home/dashboar/public_html/st/dashboard.php on line 9
[18-Sep-2018 20:18:27 Australia/Sydney] PHP Notice:  Undefined index: priv in /home/dashboar/public_html/st/dashboard.php on line 50
[18-Sep-2018 20:18:27 Australia/Sydney] PHP Notice:  Undefined index: priv in /home/dashboar/public_html/st/dashboard.php on line 72
[18-Sep-2018 20:18:27 Australia/Sydney] PHP Notice:  Undefined index: priv in /home/dashboar/public_html/st/dashboard.php on line 105
[18-Sep-2018 20:18:27 Australia/Sydney] PHP Notice:  Undefined index: priv in /home/dashboar/public_html/st/dashboard.php on line 131
[18-Sep-2018 20:18:27 Australia/Sydney] PHP Notice:  Undefined index: uname in /home/dashboar/public_html/st/dashboard.php on line 178
[18-Sep-2018 20:18:27 Australia/Sydney] PHP Notice:  Undefined index: uname in /home/dashboar/public_html/st/dashboard.php on line 189
[18-Sep-2018 20:18:27 Australia/Sydney] PHP Notice:  Undefined index: email in /home/dashboar/public_html/st/dashboard.php on line 191
[18-Sep-2018 20:18:27 Australia/Sydney] PHP Notice:  Undefined index: priv in /home/dashboar/public_html/st/dashboard.php on line 272
[18-Sep-2018 20:18:27 Australia/Sydney] PHP Notice:  Undefined index: priv in /home/dashboar/public_html/st/dashboard.php on line 286
[18-Sep-2018 20:18:45 Australia/Sydney] PHP Notice:  Undefined index: store_id in /home/dashboar/public_html/st/dashboard.php on line 5
[18-Sep-2018 20:18:45 Australia/Sydney] PHP Notice:  Undefined offset: 0 in /home/dashboar/public_html/st/dashboard.php on line 9
[18-Sep-2018 20:18:45 Australia/Sydney] PHP Notice:  Undefined index: priv in /home/dashboar/public_html/st/dashboard.php on line 50
[18-Sep-2018 20:18:45 Australia/Sydney] PHP Notice:  Undefined index: priv in /home/dashboar/public_html/st/dashboard.php on line 72
[18-Sep-2018 20:18:45 Australia/Sydney] PHP Notice:  Undefined index: priv in /home/dashboar/public_html/st/dashboard.php on line 105
[18-Sep-2018 20:18:45 Australia/Sydney] PHP Notice:  Undefined index: priv in /home/dashboar/public_html/st/dashboard.php on line 131
[18-Sep-2018 20:18:45 Australia/Sydney] PHP Notice:  Undefined index: uname in /home/dashboar/public_html/st/dashboard.php on line 178
[18-Sep-2018 20:18:45 Australia/Sydney] PHP Notice:  Undefined index: uname in /home/dashboar/public_html/st/dashboard.php on line 189
[18-Sep-2018 20:18:45 Australia/Sydney] PHP Notice:  Undefined index: email in /home/dashboar/public_html/st/dashboard.php on line 191
[18-Sep-2018 20:18:45 Australia/Sydney] PHP Notice:  Undefined index: priv in /home/dashboar/public_html/st/dashboard.php on line 272
[18-Sep-2018 20:18:45 Australia/Sydney] PHP Notice:  Undefined index: priv in /home/dashboar/public_html/st/dashboard.php on line 286
[18-Sep-2018 23:12:25 Australia/Sydney] PHP Notice:  Undefined index: store_id in /home/dashboar/public_html/st/dashboard.php on line 5
[18-Sep-2018 23:12:25 Australia/Sydney] PHP Notice:  Undefined offset: 0 in /home/dashboar/public_html/st/dashboard.php on line 9
[18-Sep-2018 23:12:25 Australia/Sydney] PHP Notice:  Undefined index: priv in /home/dashboar/public_html/st/dashboard.php on line 50
[18-Sep-2018 23:12:25 Australia/Sydney] PHP Notice:  Undefined index: priv in /home/dashboar/public_html/st/dashboard.php on line 72
[18-Sep-2018 23:12:25 Australia/Sydney] PHP Notice:  Undefined index: priv in /home/dashboar/public_html/st/dashboard.php on line 105
[18-Sep-2018 23:12:25 Australia/Sydney] PHP Notice:  Undefined index: priv in /home/dashboar/public_html/st/dashboard.php on line 131
[18-Sep-2018 23:12:25 Australia/Sydney] PHP Notice:  Undefined index: uname in /home/dashboar/public_html/st/dashboard.php on line 178
[18-Sep-2018 23:12:25 Australia/Sydney] PHP Notice:  Undefined index: uname in /home/dashboar/public_html/st/dashboard.php on line 189
[18-Sep-2018 23:12:25 Australia/Sydney] PHP Notice:  Undefined index: email in /home/dashboar/public_html/st/dashboard.php on line 191
[18-Sep-2018 23:12:25 Australia/Sydney] PHP Notice:  Undefined index: priv in /home/dashboar/public_html/st/dashboard.php on line 272
[18-Sep-2018 23:12:25 Australia/Sydney] PHP Notice:  Undefined index: priv in /home/dashboar/public_html/st/dashboard.php on line 286
